<?xml version="1.0" encoding="UTF-8"?>
<!-- Generated by org.testng.reporters.JUnitReportReporter -->
<testsuite skipped="0" hostname="Nilmie" name="Selenium.Selenium" tests="1" failures="0" timestamp="28 Oct 2018 09:49:39 GMT" time="10.656" errors="0">
  <testcase name="testSearch" time="10.656" classname="Selenium.Selenium"/>
</testsuite> <!-- Selenium.Selenium -->
